<?xml version="1.0" encoding="UTF-8"?>
<!-- Generated by org.testng.reporters.JUnitXMLReporter -->
<testsuite ignored="0" hostname="Nimitha" failures="0" tests="15" name="Test" time="97.6" errors="0" timestamp="2022-11-21T17:38:25 IST">
  <testcase classname="Page_Object_Model.Action_Class$DWS_ComputersTest" name="Computer" time="0.844"/>
  <testcase classname="Page_Object_Model.Advances_search_pom2" name="Advance_Test" time="2.287"/>
  <testcase classname="Page_Object_Model.Books02" name="TC01" time="2.449"/>
  <testcase classname="Page_Object_Model.DWS_Login_Test" name="TC01" time="1.393"/>
  <testcase classname="Page_Object_Model.Gift_Card2" name="Gift_card" time="3.338"/>
  <testcase classname="Page_Object_Model.Handles2" name="T3est_case" time="0.16"/>
  <testcase classname="Page_Object_Model.Jewelry_02" name="Jewelry_02" time="2.724"/>
  <testcase classname="Page_Object_Model.Register_loginTest" name="TC01" time="2.056"/>
  <testcase classname="Page_Object_Model.Search_pom" name="Test_case2" time="1.169"/>
  <testcase classname="Page_Object_Model.Search02" name="TC1" time="4.243"/>
  <testcase classname="Page_Object_Model.Vote_pom" name="Test_case1" time="2.202"/>
  <testcase classname="Page_Object_Model.Whishlist_DWS" name="WishlistTest" time="2.574"/>
  <testcase classname="Page_Object_Model.DWS_Newspapper02" name="Newsletter" time="0.302"/>
  <testcase classname="Page_Object_Model.Digital_homepage_02" name="tc01" time="5.674"/>
  <testcase classname="Page_Object_Model.contact_DWS02" name="contact" time="1.468"/>
</testsuite> <!-- Test -->
